2024-11-28 23:36:24,719 - sqlalchemy.engine.Engine - INFO - BEGIN (implicit)
2024-11-28 23:36:24,721 - sqlalchemy.engine.Engine - INFO - SELECT players.id AS players_id, players.user_name AS players_user_name, players.email AS players_email, players.user_code AS players_user_code, players.password AS players_password, players.uuid AS players_uuid 
FROM players 
WHERE players.email = %s 
 LIMIT %s
2024-11-28 23:36:24,721 - sqlalchemy.engine.Engine - INFO - [generated in 0.00025s] ('test@test.co', 1)
2024-11-28 23:36:24,959 - werkzeug - INFO - 127.0.0.1 - - [28/Nov/2024 23:36:24] "POST /player/login HTTP/1.1" 200 -
2024-11-28 23:41:41,906 - sqlalchemy.engine.Engine - INFO - BEGIN (implicit)
2024-11-28 23:41:41,944 - sqlalchemy.engine.Engine - INFO - SELECT players.id AS players_id, players.user_name AS players_user_name, players.email AS players_email, players.user_code AS players_user_code, players.password AS players_password, players.uuid AS players_uuid 
FROM players 
WHERE players.uuid = %s 
 LIMIT %s
2024-11-28 23:41:41,944 - sqlalchemy.engine.Engine - INFO - [generated in 0.00024s] ('711cd89a-f548-42e3-b77c-d2176dd81cda', 1)
2024-11-28 23:41:41,955 - werkzeug - INFO - 127.0.0.1 - - [28/Nov/2024 23:41:41] "[35m[1mPOST /character/create HTTP/1.1[0m" 500 -
2024-11-28 23:44:05,284 - werkzeug - INFO -  * Detected change in '/var/www/html/backend_game/text_adventure_game/controllers/character_controller.py', reloading
2024-11-28 23:44:05,390 - werkzeug - INFO -  * Restarting with stat
2024-11-28 23:44:05,914 - sqlalchemy.engine.Engine - INFO - SELECT DATABASE()
2024-11-28 23:44:05,914 - sqlalchemy.engine.Engine - INFO - [raw sql] ()
2024-11-28 23:44:05,915 - sqlalchemy.engine.Engine - INFO - SELECT @@sql_mode
2024-11-28 23:44:05,915 - sqlalchemy.engine.Engine - INFO - [raw sql] ()
2024-11-28 23:44:05,916 - sqlalchemy.engine.Engine - INFO - SELECT @@lower_case_table_names
2024-11-28 23:44:05,916 - sqlalchemy.engine.Engine - INFO - [raw sql] ()
2024-11-28 23:44:05,917 - sqlalchemy.engine.Engine - INFO - BEGIN (implicit)
2024-11-28 23:44:05,917 - sqlalchemy.engine.Engine - INFO - COMMIT
